Build started 20.4.2016 20:06:52.
     1>Project "C:\Users\Niko\Documents\GitHub\AI-for-WarGame\AIGameFramework\examples\WarGame\WarGame.vcxproj" on node 2 (Rebuild target(s)).
     1>ClCompile:
         C:\Program Files (x86)\Microsoft Visual Studio 12.0\VC\bin\CL.exe /c /I"C:\Users\Niko\Documents\GitHub\AI-for-WarGame\AIGameFramework\examples\WarGame\../../sdk" /I"C:\Users\Niko\Documents\GitHub\AI-for-WarGame\AIGameFramework\examples\WarGame\../../yam2d/engine/external" /I"C:\Users\Niko\Documents\GitHub\AI-for-WarGame\AIGameFramework\examples\WarGame\../../yam2d/engine/include" /ZI /nologo /W3 /WX- /Od /Oy- /D WIN32 /D _DEBUG /D _CONSOLE /D _LIB /D _UNICODE /D UNICODE /Gm /EHsc /RTC1 /MDd /GS /fp:precise /Zc:wchar_t /Zc:forScope /Fo"Debug\\" /Fd"Debug\vc120.pdb" /Gd /TP /analyze- /errorReport:prompt main.cpp
         main.cpp
       Link:
         C:\Program Files (x86)\Microsoft Visual Studio 12.0\VC\bin\link.exe /ERRORREPORT:PROMPT /OUT:"C:\Users\Niko\Documents\GitHub\AI-for-WarGame\AIGameFramework\examples\WarGame\Debug\WarGame.exe" /INCREMENTAL /NOLOGO /LIBPATH:"C:\Users\Niko\Documents\GitHub\AI-for-WarGame\AIGameFramework\examples\WarGame\../../lib/Debug" /LIBPATH:"C:\Users\Niko\Documents\GitHub\AI-for-WarGame\AIGameFramework\examples\WarGame\../../lib" winmm.lib AIGameFramework.lib yam2d.lib libEGL.lib libGLES_cm.lib kernel32.lib user32.lib gdi32.lib winspool.lib comdlg32.lib advapi32.lib shell32.lib ole32.lib oleaut32.lib uuid.lib odbc32.lib odbccp32.lib /MANIFEST /MANIFESTUAC:"level='asInvoker' uiAccess='false'" /manifest:embed /DEBUG /PDB:"C:\Users\Niko\Documents\GitHub\AI-for-WarGame\AIGameFramework\examples\WarGame\Debug\WarGame.pdb" /SUBSYSTEM:CONSOLE /TLBID:1 /DYNAMICBASE /NXCOMPAT /IMPLIB:"C:\Users\Niko\Documents\GitHub\AI-for-WarGame\AIGameFramework\examples\WarGame\Debug\WarGame.lib" /MACHINE:X86 Debug\main.obj
     1>AIGameFramework.lib(AIMapLayerImpl.obj) : warning LNK4204: 'C:\Users\Niko\Documents\GitHub\AI-for-WarGame\AIGameFramework\examples\WarGame\Debug\vc120.pdb' is missing debugging information for referencing module; linking object as if no debug info
     1>AIGameFramework.lib(CharacterController.obj) : warning LNK4204: 'C:\Users\Niko\Documents\GitHub\AI-for-WarGame\AIGameFramework\examples\WarGame\Debug\vc120.pdb' is missing debugging information for referencing module; linking object as if no debug info
     1>AIGameFramework.lib(GameActions.obj) : warning LNK4204: 'C:\Users\Niko\Documents\GitHub\AI-for-WarGame\AIGameFramework\examples\WarGame\Debug\vc120.pdb' is missing debugging information for referencing module; linking object as if no debug info
     1>AIGameFramework.lib(GameApp.obj) : warning LNK4204: 'C:\Users\Niko\Documents\GitHub\AI-for-WarGame\AIGameFramework\examples\WarGame\Debug\vc120.pdb' is missing debugging information for referencing module; linking object as if no debug info
     1>AIGameFramework.lib(GameBaseController.obj) : warning LNK4204: 'C:\Users\Niko\Documents\GitHub\AI-for-WarGame\AIGameFramework\examples\WarGame\Debug\vc120.pdb' is missing debugging information for referencing module; linking object as if no debug info
     1>AIGameFramework.lib(GameComponentFactory.obj) : warning LNK4204: 'C:\Users\Niko\Documents\GitHub\AI-for-WarGame\AIGameFramework\examples\WarGame\Debug\vc120.pdb' is missing debugging information for referencing module; linking object as if no debug info
     1>AIGameFramework.lib(GameController.obj) : warning LNK4204: 'C:\Users\Niko\Documents\GitHub\AI-for-WarGame\AIGameFramework\examples\WarGame\Debug\vc120.pdb' is missing debugging information for referencing module; linking object as if no debug info
     1>AIGameFramework.lib(GameControllers.obj) : warning LNK4204: 'C:\Users\Niko\Documents\GitHub\AI-for-WarGame\AIGameFramework\examples\WarGame\Debug\vc120.pdb' is missing debugging information for referencing module; linking object as if no debug info
     1>AIGameFramework.lib(GameEvents.obj) : warning LNK4204: 'C:\Users\Niko\Documents\GitHub\AI-for-WarGame\AIGameFramework\examples\WarGame\Debug\vc120.pdb' is missing debugging information for referencing module; linking object as if no debug info
     1>AIGameFramework.lib(GameRunningState.obj) : warning LNK4204: 'C:\Users\Niko\Documents\GitHub\AI-for-WarGame\AIGameFramework\examples\WarGame\Debug\vc120.pdb' is missing debugging information for referencing module; linking object as if no debug info
     1>AIGameFramework.lib(JoystickController.obj) : warning LNK4204: 'C:\Users\Niko\Documents\GitHub\AI-for-WarGame\AIGameFramework\examples\WarGame\Debug\vc120.pdb' is missing debugging information for referencing module; linking object as if no debug info
     1>AIGameFramework.lib(MyContactListener.obj) : warning LNK4204: 'C:\Users\Niko\Documents\GitHub\AI-for-WarGame\AIGameFramework\examples\WarGame\Debug\vc120.pdb' is missing debugging information for referencing module; linking object as if no debug info
     1>AIGameFramework.lib(PhysicsBody.obj) : warning LNK4204: 'C:\Users\Niko\Documents\GitHub\AI-for-WarGame\AIGameFramework\examples\WarGame\Debug\vc120.pdb' is missing debugging information for referencing module; linking object as if no debug info
     1>AIGameFramework.lib(SpawnController.obj) : warning LNK4204: 'C:\Users\Niko\Documents\GitHub\AI-for-WarGame\AIGameFramework\examples\WarGame\Debug\vc120.pdb' is missing debugging information for referencing module; linking object as if no debug info
     1>yam2d.lib(b2BroadPhase.obj) : warning LNK4204: 'C:\Users\Niko\Documents\GitHub\AI-for-WarGame\AIGameFramework\examples\WarGame\Debug\vc120.pdb' is missing debugging information for referencing module; linking object as if no debug info
     1>yam2d.lib(b2CollideCircle.obj) : warning LNK4204: 'C:\Users\Niko\Documents\GitHub\AI-for-WarGame\AIGameFramework\examples\WarGame\Debug\vc120.pdb' is missing debugging information for referencing module; linking object as if no debug info
     1>yam2d.lib(b2CollideEdge.obj) : warning LNK4204: 'C:\Users\Niko\Documents\GitHub\AI-for-WarGame\AIGameFramework\examples\WarGame\Debug\vc120.pdb' is missing debugging information for referencing module; linking object as if no debug info
     1>yam2d.lib(b2CollidePolygon.obj) : warning LNK4204: 'C:\Users\Niko\Documents\GitHub\AI-for-WarGame\AIGameFramework\examples\WarGame\Debug\vc120.pdb' is missing debugging information for referencing module; linking object as if no debug info
     1>yam2d.lib(b2Collision.obj) : warning LNK4204: 'C:\Users\Niko\Documents\GitHub\AI-for-WarGame\AIGameFramework\examples\WarGame\Debug\vc120.pdb' is missing debugging information for referencing module; linking object as if no debug info
     1>yam2d.lib(b2Distance.obj) : warning LNK4204: 'C:\Users\Niko\Documents\GitHub\AI-for-WarGame\AIGameFramework\examples\WarGame\Debug\vc120.pdb' is missing debugging information for referencing module; linking object as if no debug info
     1>yam2d.lib(b2DynamicTree.obj) : warning LNK4204: 'C:\Users\Niko\Documents\GitHub\AI-for-WarGame\AIGameFramework\examples\WarGame\Debug\vc120.pdb' is missing debugging information for referencing module; linking object as if no debug info
     1>yam2d.lib(b2TimeOfImpact.obj) : warning LNK4204: 'C:\Users\Niko\Documents\GitHub\AI-for-WarGame\AIGameFramework\examples\WarGame\Debug\vc120.pdb' is missing debugging information for referencing module; linking object as if no debug info
     1>yam2d.lib(b2ChainShape.obj) : warning LNK4204: 'C:\Users\Niko\Documents\GitHub\AI-for-WarGame\AIGameFramework\examples\WarGame\Debug\vc120.pdb' is missing debugging information for referencing module; linking object as if no debug info
     1>yam2d.lib(b2CircleShape.obj) : warning LNK4204: 'C:\Users\Niko\Documents\GitHub\AI-for-WarGame\AIGameFramework\examples\WarGame\Debug\vc120.pdb' is missing debugging information for referencing module; linking object as if no debug info
     1>yam2d.lib(b2EdgeShape.obj) : warning LNK4204: 'C:\Users\Niko\Documents\GitHub\AI-for-WarGame\AIGameFramework\examples\WarGame\Debug\vc120.pdb' is missing debugging information for referencing module; linking object as if no debug info
     1>yam2d.lib(b2PolygonShape.obj) : warning LNK4204: 'C:\Users\Niko\Documents\GitHub\AI-for-WarGame\AIGameFramework\examples\WarGame\Debug\vc120.pdb' is missing debugging information for referencing module; linking object as if no debug info
     1>yam2d.lib(b2BlockAllocator.obj) : warning LNK4204: 'C:\Users\Niko\Documents\GitHub\AI-for-WarGame\AIGameFramework\examples\WarGame\Debug\vc120.pdb' is missing debugging information for referencing module; linking object as if no debug info
     1>yam2d.lib(b2Draw.obj) : warning LNK4204: 'C:\Users\Niko\Documents\GitHub\AI-for-WarGame\AIGameFramework\examples\WarGame\Debug\vc120.pdb' is missing debugging information for referencing module; linking object as if no debug info
     1>yam2d.lib(b2Math.obj) : warning LNK4204: 'C:\Users\Niko\Documents\GitHub\AI-for-WarGame\AIGameFramework\examples\WarGame\Debug\vc120.pdb' is missing debugging information for referencing module; linking object as if no debug info
     1>yam2d.lib(b2Settings.obj) : warning LNK4204: 'C:\Users\Niko\Documents\GitHub\AI-for-WarGame\AIGameFramework\examples\WarGame\Debug\vc120.pdb' is missing debugging information for referencing module; linking object as if no debug info
     1>yam2d.lib(b2StackAllocator.obj) : warning LNK4204: 'C:\Users\Niko\Documents\GitHub\AI-for-WarGame\AIGameFramework\examples\WarGame\Debug\vc120.pdb' is missing debugging information for referencing module; linking object as if no debug info
     1>yam2d.lib(b2Timer.obj) : warning LNK4204: 'C:\Users\Niko\Documents\GitHub\AI-for-WarGame\AIGameFramework\examples\WarGame\Debug\vc120.pdb' is missing debugging information for referencing module; linking object as if no debug info
     1>yam2d.lib(b2Body.obj) : warning LNK4204: 'C:\Users\Niko\Documents\GitHub\AI-for-WarGame\AIGameFramework\examples\WarGame\Debug\vc120.pdb' is missing debugging information for referencing module; linking object as if no debug info
     1>yam2d.lib(b2ContactManager.obj) : warning LNK4204: 'C:\Users\Niko\Documents\GitHub\AI-for-WarGame\AIGameFramework\examples\WarGame\Debug\vc120.pdb' is missing debugging information for referencing module; linking object as if no debug info
     1>yam2d.lib(b2Fixture.obj) : warning LNK4204: 'C:\Users\Niko\Documents\GitHub\AI-for-WarGame\AIGameFramework\examples\WarGame\Debug\vc120.pdb' is missing debugging information for referencing module; linking object as if no debug info
     1>yam2d.lib(b2Island.obj) : warning LNK4204: 'C:\Users\Niko\Documents\GitHub\AI-for-WarGame\AIGameFramework\examples\WarGame\Debug\vc120.pdb' is missing debugging information for referencing module; linking object as if no debug info
     1>yam2d.lib(b2World.obj) : warning LNK4204: 'C:\Users\Niko\Documents\GitHub\AI-for-WarGame\AIGameFramework\examples\WarGame\Debug\vc120.pdb' is missing debugging information for referencing module; linking object as if no debug info
     1>yam2d.lib(b2WorldCallbacks.obj) : warning LNK4204: 'C:\Users\Niko\Documents\GitHub\AI-for-WarGame\AIGameFramework\examples\WarGame\Debug\vc120.pdb' is missing debugging information for referencing module; linking object as if no debug info
     1>yam2d.lib(b2ChainAndCircleContact.obj) : warning LNK4204: 'C:\Users\Niko\Documents\GitHub\AI-for-WarGame\AIGameFramework\examples\WarGame\Debug\vc120.pdb' is missing debugging information for referencing module; linking object as if no debug info
     1>yam2d.lib(b2ChainAndPolygonContact.obj) : warning LNK4204: 'C:\Users\Niko\Documents\GitHub\AI-for-WarGame\AIGameFramework\examples\WarGame\Debug\vc120.pdb' is missing debugging information for referencing module; linking object as if no debug info
     1>yam2d.lib(b2CircleContact.obj) : warning LNK4204: 'C:\Users\Niko\Documents\GitHub\AI-for-WarGame\AIGameFramework\examples\WarGame\Debug\vc120.pdb' is missing debugging information for referencing module; linking object as if no debug info
     1>yam2d.lib(b2Contact.obj) : warning LNK4204: 'C:\Users\Niko\Documents\GitHub\AI-for-WarGame\AIGameFramework\examples\WarGame\Debug\vc120.pdb' is missing debugging information for referencing module; linking object as if no debug info
     1>yam2d.lib(b2ContactSolver.obj) : warning LNK4204: 'C:\Users\Niko\Documents\GitHub\AI-for-WarGame\AIGameFramework\examples\WarGame\Debug\vc120.pdb' is missing debugging information for referencing module; linking object as if no debug info
     1>yam2d.lib(b2EdgeAndCircleContact.obj) : warning LNK4204: 'C:\Users\Niko\Documents\GitHub\AI-for-WarGame\AIGameFramework\examples\WarGame\Debug\vc120.pdb' is missing debugging information for referencing module; linking object as if no debug info
     1>yam2d.lib(b2EdgeAndPolygonContact.obj) : warning LNK4204: 'C:\Users\Niko\Documents\GitHub\AI-for-WarGame\AIGameFramework\examples\WarGame\Debug\vc120.pdb' is missing debugging information for referencing module; linking object as if no debug info
     1>yam2d.lib(b2PolygonAndCircleContact.obj) : warning LNK4204: 'C:\Users\Niko\Documents\GitHub\AI-for-WarGame\AIGameFramework\examples\WarGame\Debug\vc120.pdb' is missing debugging information for referencing module; linking object as if no debug info
     1>yam2d.lib(b2PolygonContact.obj) : warning LNK4204: 'C:\Users\Niko\Documents\GitHub\AI-for-WarGame\AIGameFramework\examples\WarGame\Debug\vc120.pdb' is missing debugging information for referencing module; linking object as if no debug info
     1>yam2d.lib(b2DistanceJoint.obj) : warning LNK4204: 'C:\Users\Niko\Documents\GitHub\AI-for-WarGame\AIGameFramework\examples\WarGame\Debug\vc120.pdb' is missing debugging information for referencing module; linking object as if no debug info
     1>yam2d.lib(b2FrictionJoint.obj) : warning LNK4204: 'C:\Users\Niko\Documents\GitHub\AI-for-WarGame\AIGameFramework\examples\WarGame\Debug\vc120.pdb' is missing debugging information for referencing module; linking object as if no debug info
     1>yam2d.lib(b2GearJoint.obj) : warning LNK4204: 'C:\Users\Niko\Documents\GitHub\AI-for-WarGame\AIGameFramework\examples\WarGame\Debug\vc120.pdb' is missing debugging information for referencing module; linking object as if no debug info
     1>yam2d.lib(b2Joint.obj) : warning LNK4204: 'C:\Users\Niko\Documents\GitHub\AI-for-WarGame\AIGameFramework\examples\WarGame\Debug\vc120.pdb' is missing debugging information for referencing module; linking object as if no debug info
     1>yam2d.lib(b2MouseJoint.obj) : warning LNK4204: 'C:\Users\Niko\Documents\GitHub\AI-for-WarGame\AIGameFramework\examples\WarGame\Debug\vc120.pdb' is missing debugging information for referencing module; linking object as if no debug info
     1>yam2d.lib(b2PrismaticJoint.obj) : warning LNK4204: 'C:\Users\Niko\Documents\GitHub\AI-for-WarGame\AIGameFramework\examples\WarGame\Debug\vc120.pdb' is missing debugging information for referencing module; linking object as if no debug info
     1>yam2d.lib(b2PulleyJoint.obj) : warning LNK4204: 'C:\Users\Niko\Documents\GitHub\AI-for-WarGame\AIGameFramework\examples\WarGame\Debug\vc120.pdb' is missing debugging information for referencing module; linking object as if no debug info
     1>yam2d.lib(b2RevoluteJoint.obj) : warning LNK4204: 'C:\Users\Niko\Documents\GitHub\AI-for-WarGame\AIGameFramework\examples\WarGame\Debug\vc120.pdb' is missing debugging information for referencing module; linking object as if no debug info
     1>yam2d.lib(b2RopeJoint.obj) : warning LNK4204: 'C:\Users\Niko\Documents\GitHub\AI-for-WarGame\AIGameFramework\examples\WarGame\Debug\vc120.pdb' is missing debugging information for referencing module; linking object as if no debug info
     1>yam2d.lib(b2WeldJoint.obj) : warning LNK4204: 'C:\Users\Niko\Documents\GitHub\AI-for-WarGame\AIGameFramework\examples\WarGame\Debug\vc120.pdb' is missing debugging information for referencing module; linking object as if no debug info
     1>yam2d.lib(b2WheelJoint.obj) : warning LNK4204: 'C:\Users\Niko\Documents\GitHub\AI-for-WarGame\AIGameFramework\examples\WarGame\Debug\vc120.pdb' is missing debugging information for referencing module; linking object as if no debug info
     1>yam2d.lib(png.obj) : warning LNK4204: 'C:\Users\Niko\Documents\GitHub\AI-for-WarGame\AIGameFramework\examples\WarGame\Debug\vc120.pdb' is missing debugging information for referencing module; linking object as if no debug info
     1>yam2d.lib(pngerror.obj) : warning LNK4204: 'C:\Users\Niko\Documents\GitHub\AI-for-WarGame\AIGameFramework\examples\WarGame\Debug\vc120.pdb' is missing debugging information for referencing module; linking object as if no debug info
     1>yam2d.lib(pngget.obj) : warning LNK4204: 'C:\Users\Niko\Documents\GitHub\AI-for-WarGame\AIGameFramework\examples\WarGame\Debug\vc120.pdb' is missing debugging information for referencing module; linking object as if no debug info
     1>yam2d.lib(pngmem.obj) : warning LNK4204: 'C:\Users\Niko\Documents\GitHub\AI-for-WarGame\AIGameFramework\examples\WarGame\Debug\vc120.pdb' is missing debugging information for referencing module; linking object as if no debug info
     1>yam2d.lib(pngread.obj) : warning LNK4204: 'C:\Users\Niko\Documents\GitHub\AI-for-WarGame\AIGameFramework\examples\WarGame\Debug\vc120.pdb' is missing debugging information for referencing module; linking object as if no debug info
     1>yam2d.lib(pngrio.obj) : warning LNK4204: 'C:\Users\Niko\Documents\GitHub\AI-for-WarGame\AIGameFramework\examples\WarGame\Debug\vc120.pdb' is missing debugging information for referencing module; linking object as if no debug info
     1>yam2d.lib(pngrtran.obj) : warning LNK4204: 'C:\Users\Niko\Documents\GitHub\AI-for-WarGame\AIGameFramework\examples\WarGame\Debug\vc120.pdb' is missing debugging information for referencing module; linking object as if no debug info
     1>yam2d.lib(pngrutil.obj) : warning LNK4204: 'C:\Users\Niko\Documents\GitHub\AI-for-WarGame\AIGameFramework\examples\WarGame\Debug\vc120.pdb' is missing debugging information for referencing module; linking object as if no debug info
     1>yam2d.lib(pngset.obj) : warning LNK4204: 'C:\Users\Niko\Documents\GitHub\AI-for-WarGame\AIGameFramework\examples\WarGame\Debug\vc120.pdb' is missing debugging information for referencing module; linking object as if no debug info
     1>yam2d.lib(pngtrans.obj) : warning LNK4204: 'C:\Users\Niko\Documents\GitHub\AI-for-WarGame\AIGameFramework\examples\WarGame\Debug\vc120.pdb' is missing debugging information for referencing module; linking object as if no debug info
     1>yam2d.lib(vec2.obj) : warning LNK4204: 'C:\Users\Niko\Documents\GitHub\AI-for-WarGame\AIGameFramework\examples\WarGame\Debug\vc120.pdb' is missing debugging information for referencing module; linking object as if no debug info
     1>yam2d.lib(tinystr.obj) : warning LNK4204: 'C:\Users\Niko\Documents\GitHub\AI-for-WarGame\AIGameFramework\examples\WarGame\Debug\vc120.pdb' is missing debugging information for referencing module; linking object as if no debug info
     1>yam2d.lib(tinyxml.obj) : warning LNK4204: 'C:\Users\Niko\Documents\GitHub\AI-for-WarGame\AIGameFramework\examples\WarGame\Debug\vc120.pdb' is missing debugging information for referencing module; linking object as if no debug info
     1>yam2d.lib(tinyxmlerror.obj) : warning LNK4204: 'C:\Users\Niko\Documents\GitHub\AI-for-WarGame\AIGameFramework\examples\WarGame\Debug\vc120.pdb' is missing debugging information for referencing module; linking object as if no debug info
     1>yam2d.lib(tinyxmlparser.obj) : warning LNK4204: 'C:\Users\Niko\Documents\GitHub\AI-for-WarGame\AIGameFramework\examples\WarGame\Debug\vc120.pdb' is missing debugging information for referencing module; linking object as if no debug info
     1>yam2d.lib(base64.obj) : warning LNK4204: 'C:\Users\Niko\Documents\GitHub\AI-for-WarGame\AIGameFramework\examples\WarGame\Debug\vc120.pdb' is missing debugging information for referencing module; linking object as if no debug info
     1>yam2d.lib(TmxImage.obj) : warning LNK4204: 'C:\Users\Niko\Documents\GitHub\AI-for-WarGame\AIGameFramework\examples\WarGame\Debug\vc120.pdb' is missing debugging information for referencing module; linking object as if no debug info
     1>yam2d.lib(TmxLayer.obj) : warning LNK4204: 'C:\Users\Niko\Documents\GitHub\AI-for-WarGame\AIGameFramework\examples\WarGame\Debug\vc120.pdb' is missing debugging information for referencing module; linking object as if no debug info
     1>yam2d.lib(TmxMap.obj) : warning LNK4204: 'C:\Users\Niko\Documents\GitHub\AI-for-WarGame\AIGameFramework\examples\WarGame\Debug\vc120.pdb' is missing debugging information for referencing module; linking object as if no debug info
     1>yam2d.lib(TmxObject.obj) : warning LNK4204: 'C:\Users\Niko\Documents\GitHub\AI-for-WarGame\AIGameFramework\examples\WarGame\Debug\vc120.pdb' is missing debugging information for referencing module; linking object as if no debug info
     1>yam2d.lib(TmxObjectGroup.obj) : warning LNK4204: 'C:\Users\Niko\Documents\GitHub\AI-for-WarGame\AIGameFramework\examples\WarGame\Debug\vc120.pdb' is missing debugging information for referencing module; linking object as if no debug info
     1>yam2d.lib(TmxPolygon.obj) : warning LNK4204: 'C:\Users\Niko\Documents\GitHub\AI-for-WarGame\AIGameFramework\examples\WarGame\Debug\vc120.pdb' is missing debugging information for referencing module; linking object as if no debug info
     1>yam2d.lib(TmxPropertySet.obj) : warning LNK4204: 'C:\Users\Niko\Documents\GitHub\AI-for-WarGame\AIGameFramework\examples\WarGame\Debug\vc120.pdb' is missing debugging information for referencing module; linking object as if no debug info
     1>yam2d.lib(TmxTile.obj) : warning LNK4204: 'C:\Users\Niko\Documents\GitHub\AI-for-WarGame\AIGameFramework\examples\WarGame\Debug\vc120.pdb' is missing debugging information for referencing module; linking object as if no debug info
     1>yam2d.lib(TmxTileset.obj) : warning LNK4204: 'C:\Users\Niko\Documents\GitHub\AI-for-WarGame\AIGameFramework\examples\WarGame\Debug\vc120.pdb' is missing debugging information for referencing module; linking object as if no debug info
     1>yam2d.lib(TmxUtil.obj) : warning LNK4204: 'C:\Users\Niko\Documents\GitHub\AI-for-WarGame\AIGameFramework\examples\WarGame\Debug\vc120.pdb' is missing debugging information for referencing module; linking object as if no debug info
     1>yam2d.lib(adler32.obj) : warning LNK4204: 'C:\Users\Niko\Documents\GitHub\AI-for-WarGame\AIGameFramework\examples\WarGame\Debug\vc120.pdb' is missing debugging information for referencing module; linking object as if no debug info
     1>yam2d.lib(crc32.obj) : warning LNK4204: 'C:\Users\Niko\Documents\GitHub\AI-for-WarGame\AIGameFramework\examples\WarGame\Debug\vc120.pdb' is missing debugging information for referencing module; linking object as if no debug info
     1>yam2d.lib(inffast.obj) : warning LNK4204: 'C:\Users\Niko\Documents\GitHub\AI-for-WarGame\AIGameFramework\examples\WarGame\Debug\vc120.pdb' is missing debugging information for referencing module; linking object as if no debug info
     1>yam2d.lib(inflate.obj) : warning LNK4204: 'C:\Users\Niko\Documents\GitHub\AI-for-WarGame\AIGameFramework\examples\WarGame\Debug\vc120.pdb' is missing debugging information for referencing module; linking object as if no debug info
     1>yam2d.lib(inftrees.obj) : warning LNK4204: 'C:\Users\Niko\Documents\GitHub\AI-for-WarGame\AIGameFramework\examples\WarGame\Debug\vc120.pdb' is missing debugging information for referencing module; linking object as if no debug info
     1>yam2d.lib(uncompr.obj) : warning LNK4204: 'C:\Users\Niko\Documents\GitHub\AI-for-WarGame\AIGameFramework\examples\WarGame\Debug\vc120.pdb' is missing debugging information for referencing module; linking object as if no debug info
     1>yam2d.lib(zutil.obj) : warning LNK4204: 'C:\Users\Niko\Documents\GitHub\AI-for-WarGame\AIGameFramework\examples\WarGame\Debug\vc120.pdb' is missing debugging information for referencing module; linking object as if no debug info
     1>yam2d.lib(ElapsedTimer.obj) : warning LNK4204: 'C:\Users\Niko\Documents\GitHub\AI-for-WarGame\AIGameFramework\examples\WarGame\Debug\vc120.pdb' is missing debugging information for referencing module; linking object as if no debug info
     1>yam2d.lib(Entity.obj) : warning LNK4204: 'C:\Users\Niko\Documents\GitHub\AI-for-WarGame\AIGameFramework\examples\WarGame\Debug\vc120.pdb' is missing debugging information for referencing module; linking object as if no debug info
     1>yam2d.lib(FileStream.obj) : warning LNK4204: 'C:\Users\Niko\Documents\GitHub\AI-for-WarGame\AIGameFramework\examples\WarGame\Debug\vc120.pdb' is missing debugging information for referencing module; linking object as if no debug info
     1>yam2d.lib(GameObject.obj) : warning LNK4204: 'C:\Users\Niko\Documents\GitHub\AI-for-WarGame\AIGameFramework\examples\WarGame\Debug\vc120.pdb' is missing debugging information for referencing module; linking object as if no debug info
     1>yam2d.lib(Layer.obj) : warning LNK4204: 'C:\Users\Niko\Documents\GitHub\AI-for-WarGame\AIGameFramework\examples\WarGame\Debug\vc120.pdb' is missing debugging information for referencing module; linking object as if no debug info
     1>yam2d.lib(Map.obj) : warning LNK4204: 'C:\Users\Niko\Documents\GitHub\AI-for-WarGame\AIGameFramework\examples\WarGame\Debug\vc120.pdb' is missing debugging information for referencing module; linking object as if no debug info
     1>yam2d.lib(MapController.obj) : warning LNK4204: 'C:\Users\Niko\Documents\GitHub\AI-for-WarGame\AIGameFramework\examples\WarGame\Debug\vc120.pdb' is missing debugging information for referencing module; linking object as if no debug info
     1>yam2d.lib(Object.obj) : warning LNK4204: 'C:\Users\Niko\Documents\GitHub\AI-for-WarGame\AIGameFramework\examples\WarGame\Debug\vc120.pdb' is missing debugging information for referencing module; linking object as if no debug info
     1>yam2d.lib(PropertySet.obj) : warning LNK4204: 'C:\Users\Niko\Documents\GitHub\AI-for-WarGame\AIGameFramework\examples\WarGame\Debug\vc120.pdb' is missing debugging information for referencing module; linking object as if no debug info
     1>yam2d.lib(Sprite.obj) : warning LNK4204: 'C:\Users\Niko\Documents\GitHub\AI-for-WarGame\AIGameFramework\examples\WarGame\Debug\vc120.pdb' is missing debugging information for referencing module; linking object as if no debug info
     1>yam2d.lib(SpriteAnimation.obj) : warning LNK4204: 'C:\Users\Niko\Documents\GitHub\AI-for-WarGame\AIGameFramework\examples\WarGame\Debug\vc120.pdb' is missing debugging information for referencing module; linking object as if no debug info
     1>yam2d.lib(SpriteBatch.obj) : warning LNK4204: 'C:\Users\Niko\Documents\GitHub\AI-for-WarGame\AIGameFramework\examples\WarGame\Debug\vc120.pdb' is missing debugging information for referencing module; linking object as if no debug info
     1>yam2d.lib(SpriteSheet.obj) : warning LNK4204: 'C:\Users\Niko\Documents\GitHub\AI-for-WarGame\AIGameFramework\examples\WarGame\Debug\vc120.pdb' is missing debugging information for referencing module; linking object as if no debug info
     1>yam2d.lib(StreamTexture.obj) : warning LNK4204: 'C:\Users\Niko\Documents\GitHub\AI-for-WarGame\AIGameFramework\examples\WarGame\Debug\vc120.pdb' is missing debugging information for referencing module; linking object as if no debug info
     1>yam2d.lib(Text.obj) : warning LNK4204: 'C:\Users\Niko\Documents\GitHub\AI-for-WarGame\AIGameFramework\examples\WarGame\Debug\vc120.pdb' is missing debugging information for referencing module; linking object as if no debug info
     1>yam2d.lib(Texture.obj) : warning LNK4204: 'C:\Users\Niko\Documents\GitHub\AI-for-WarGame\AIGameFramework\examples\WarGame\Debug\vc120.pdb' is missing debugging information for referencing module; linking object as if no debug info
     1>yam2d.lib(Tileset.obj) : warning LNK4204: 'C:\Users\Niko\Documents\GitHub\AI-for-WarGame\AIGameFramework\examples\WarGame\Debug\vc120.pdb' is missing debugging information for referencing module; linking object as if no debug info
     1>yam2d.lib(es_util_png.obj) : warning LNK4204: 'C:\Users\Niko\Documents\GitHub\AI-for-WarGame\AIGameFramework\examples\WarGame\Debug\vc120.pdb' is missing debugging information for referencing module; linking object as if no debug info
     1>yam2d.lib(es_util_win32.obj) : warning LNK4204: 'C:\Users\Niko\Documents\GitHub\AI-for-WarGame\AIGameFramework\examples\WarGame\Debug\vc120.pdb' is missing debugging information for referencing module; linking object as if no debug info
     1>yam2d.lib(es_util.obj) : warning LNK4204: 'C:\Users\Niko\Documents\GitHub\AI-for-WarGame\AIGameFramework\examples\WarGame\Debug\vc120.pdb' is missing debugging information for referencing module; linking object as if no debug info
     1>yam2d.lib(input_win32.obj) : warning LNK4204: 'C:\Users\Niko\Documents\GitHub\AI-for-WarGame\AIGameFramework\examples\WarGame\Debug\vc120.pdb' is missing debugging information for referencing module; linking object as if no debug info
     1>yam2d.lib(XBOXController.obj) : warning LNK4204: 'C:\Users\Niko\Documents\GitHub\AI-for-WarGame\AIGameFramework\examples\WarGame\Debug\vc120.pdb' is missing debugging information for referencing module; linking object as if no debug info
         WarGame.vcxproj -> C:\Users\Niko\Documents\GitHub\AI-for-WarGame\AIGameFramework\examples\WarGame\Debug\WarGame.exe
     1>Done Building Project "C:\Users\Niko\Documents\GitHub\AI-for-WarGame\AIGameFramework\examples\WarGame\WarGame.vcxproj" (Rebuild target(s)).

Build succeeded.

Time Elapsed 00:00:01.92
